2023-04-09 11:54:21,276{GMT}	INFO	[jepsen test runner] jepsen.core: Command line:
lein run test -w echo --bin target/debug/challenge-1 --time-limit 10
2023-04-09 11:54:21,339{GMT}	INFO	[jepsen test runner] jepsen.core: Running test:
{:args []
 :remote
 #jepsen.control.retry.Remote{:remote #jepsen.control.scp.Remote{:cmd-remote #jepsen.control.sshj.SSHJRemote{:concurrency-limit 6,
                                                                                                             :conn-spec nil,
                                                                                                             :client nil,
                                                                                                             :semaphore nil},
                                                                 :conn-spec nil},
                              :conn nil}
 :log-net-send false
 :node-count nil
 :availability nil
 :max-txn-length 4
 :concurrency 5
 :db
 #object[maelstrom.db$db$reify__16142
         "0x60877629"
         "maelstrom.db$db$reify__16142@60877629"]
 :max-writes-per-key 16
 :leave-db-running? false
 :name "echo"
 :logging-json? false
 :start-time
 #object[org.joda.time.DateTime "0x56de370d" "2023-04-09T11:54:21.251+05:30"]
 :nemesis-interval 10
 :net
 #object[maelstrom.net$jepsen_net$reify__15251
         "0x1f6865ca"
         "maelstrom.net$jepsen_net$reify__15251@1f6865ca"]
 :client
 #object[maelstrom.workload.echo$client$reify__16863
         "0x6044311a"
         "maelstrom.workload.echo$client$reify__16863@6044311a"]
 :barrier
 #object[java.util.concurrent.CyclicBarrier
         "0x7416b560"
         "java.util.concurrent.CyclicBarrier@7416b560"]
 :log-stderr false
 :pure-generators true
 :ssh {:dummy? true}
 :rate 5
 :checker
 #object[jepsen.checker$compose$reify__11881
         "0x53d782b0"
         "jepsen.checker$compose$reify__11881@53d782b0"]
 :argv
 ("test" "-w" "echo" "--bin" "target/debug/challenge-1" "--time-limit" "10")
 :nemesis
 (jepsen.nemesis.ReflCompose
  {:fm {:start-partition 0,
        :stop-partition 0,
        :kill 1,
        :start 1,
        :pause 1,
        :resume 1},
   :nemeses [#unprintable "jepsen.nemesis.combined$partition_nemesis$reify__16416@f4deb35"
             #unprintable "jepsen.nemesis.combined$db_nemesis$reify__16397@4ec0c727"]})
 :nodes ["n1" "n2" "n3" "n4" "n5"]
 :test-count 1
 :latency {:mean 0, :dist :constant}
 :bin "target/debug/challenge-1"
 :generator
 (jepsen.generator.TimeLimit
  {:limit 10000000000,
   :cutoff nil,
   :gen (jepsen.generator.Any
         {:gens [(jepsen.generator.OnThreads
                  {:f #{:nemesis},
                   :context-filter #object[jepsen.generator.context$make_thread_filter$lazy_filter__9167
                                           "0x785dbe3a"
                                           "jepsen.generator.context$make_thread_filter$lazy_filter__9167@785dbe3a"],
                   :gen nil})
                 (jepsen.generator.OnThreads
                  {:f #jepsen.generator.context.AllBut{:element :nemesis},
                   :context-filter #object[jepsen.generator.context$make_thread_filter$lazy_filter__9167
                                           "0x58230224"
                                           "jepsen.generator.context$make_thread_filter$lazy_filter__9167@58230224"],
                   :gen (jepsen.generator.Stagger
                         {:dt 400000000,
                          :next-time nil,
                          :gen (jepsen.generator.EachThread
                                {:fresh-gen #object[maelstrom.workload.echo$workload$fn__16882
                                                    "0x583f6270"
                                                    "maelstrom.workload.echo$workload$fn__16882@583f6270"],
                                 :context-filters #object[clojure.core$promise$reify__8591
                                                          "0x2bd24c09"
                                                          {:status :pending,
                                                           :val nil}],
                                 :gens {}})})})]})})
 :log-net-recv false
 :os
 #object[maelstrom.net$jepsen_os$reify__15254
         "0x3e6b8b27"
         "maelstrom.net$jepsen_os$reify__15254@3e6b8b27"]
 :time-limit 10
 :workload :echo
 :consistency-models [:strict-serializable]
 :topology :grid}

2023-04-09 11:54:22,698{GMT}	INFO	[jepsen node n1] maelstrom.net: Starting Maelstrom network
2023-04-09 11:54:22,699{GMT}	INFO	[jepsen test runner] jepsen.db: Tearing down DB
2023-04-09 11:54:22,701{GMT}	INFO	[jepsen test runner] jepsen.db: Setting up DB
2023-04-09 11:54:22,703{GMT}	INFO	[jepsen node n3] maelstrom.db: Setting up n3
2023-04-09 11:54:22,703{GMT}	INFO	[jepsen node n2] maelstrom.db: Setting up n2
2023-04-09 11:54:22,703{GMT}	INFO	[jepsen node n5] maelstrom.db: Setting up n5
2023-04-09 11:54:22,703{GMT}	INFO	[jepsen node n4] maelstrom.db: Setting up n4
2023-04-09 11:54:22,704{GMT}	INFO	[jepsen node n4] maelstrom.process: launching target/debug/challenge-1 []
2023-04-09 11:54:22,704{GMT}	INFO	[jepsen node n5] maelstrom.process: launching target/debug/challenge-1 []
2023-04-09 11:54:22,704{GMT}	INFO	[jepsen node n3] maelstrom.process: launching target/debug/challenge-1 []
2023-04-09 11:54:22,704{GMT}	INFO	[jepsen node n2] maelstrom.process: launching target/debug/challenge-1 []
2023-04-09 11:54:22,708{GMT}	INFO	[jepsen node n1] maelstrom.service: Starting services: (lin-kv lin-tso lww-kv seq-kv)
2023-04-09 11:54:22,712{GMT}	INFO	[jepsen node n1] maelstrom.db: Setting up n1
2023-04-09 11:54:22,712{GMT}	INFO	[jepsen node n1] maelstrom.process: launching target/debug/challenge-1 []
2023-04-09 11:54:22,731{GMT}	INFO	[jepsen test runner] jepsen.core: Relative time begins now
2023-04-09 11:54:22,744{GMT}	INFO	[jepsen worker 4] jepsen.util: 4	:invoke	:echo	"Please echo 66"
2023-04-09 11:54:22,749{GMT}	INFO	[jepsen worker 4] jepsen.util: 4	:ok	:echo	{:type "echo_ok", :in_reply_to 1, :msg_id 1, :echo "Please echo 66"}
2023-04-09 11:54:22,925{GMT}	INFO	[jepsen worker 1] jepsen.util: 1	:invoke	:echo	"Please echo 127"
2023-04-09 11:54:22,930{GMT}	INFO	[jepsen worker 1] jepsen.util: 1	:ok	:echo	{:type "echo_ok", :in_reply_to 1, :msg_id 1, :echo "Please echo 127"}
2023-04-09 11:54:23,146{GMT}	INFO	[jepsen worker 2] jepsen.util: 2	:invoke	:echo	"Please echo 2"
2023-04-09 11:54:23,150{GMT}	INFO	[jepsen worker 2] jepsen.util: 2	:ok	:echo	{:type "echo_ok", :in_reply_to 1, :msg_id 1, :echo "Please echo 2"}
2023-04-09 11:54:23,282{GMT}	INFO	[jepsen worker 3] jepsen.util: 3	:invoke	:echo	"Please echo 39"
2023-04-09 11:54:23,286{GMT}	INFO	[jepsen worker 3] jepsen.util: 3	:ok	:echo	{:type "echo_ok", :in_reply_to 1, :msg_id 1, :echo "Please echo 39"}
2023-04-09 11:54:23,388{GMT}	INFO	[jepsen worker 0] jepsen.util: 0	:invoke	:echo	"Please echo 103"
2023-04-09 11:54:23,392{GMT}	INFO	[jepsen worker 0] jepsen.util: 0	:ok	:echo	{:type "echo_ok", :in_reply_to 1, :msg_id 1, :echo "Please echo 103"}
2023-04-09 11:54:23,450{GMT}	INFO	[jepsen worker 4] jepsen.util: 4	:invoke	:echo	"Please echo 65"
2023-04-09 11:54:23,453{GMT}	INFO	[jepsen worker 4] jepsen.util: 4	:ok	:echo	{:type "echo_ok", :in_reply_to 2, :msg_id 2, :echo "Please echo 65"}
2023-04-09 11:54:23,756{GMT}	INFO	[jepsen worker 1] jepsen.util: 1	:invoke	:echo	"Please echo 62"
2023-04-09 11:54:23,758{GMT}	INFO	[jepsen worker 1] jepsen.util: 1	:ok	:echo	{:type "echo_ok", :in_reply_to 2, :msg_id 2, :echo "Please echo 62"}
2023-04-09 11:54:24,101{GMT}	INFO	[jepsen worker 3] jepsen.util: 3	:invoke	:echo	"Please echo 80"
2023-04-09 11:54:24,104{GMT}	INFO	[jepsen worker 3] jepsen.util: 3	:ok	:echo	{:type "echo_ok", :in_reply_to 2, :msg_id 2, :echo "Please echo 80"}
2023-04-09 11:54:24,339{GMT}	INFO	[jepsen worker 4] jepsen.util: 4	:invoke	:echo	"Please echo 101"
2023-04-09 11:54:24,342{GMT}	INFO	[jepsen worker 4] jepsen.util: 4	:ok	:echo	{:type "echo_ok", :in_reply_to 3, :msg_id 3, :echo "Please echo 101"}
2023-04-09 11:54:24,690{GMT}	INFO	[jepsen worker 2] jepsen.util: 2	:invoke	:echo	"Please echo 59"
2023-04-09 11:54:24,693{GMT}	INFO	[jepsen worker 2] jepsen.util: 2	:ok	:echo	{:type "echo_ok", :in_reply_to 2, :msg_id 2, :echo "Please echo 59"}
2023-04-09 11:54:24,768{GMT}	INFO	[jepsen worker 2] jepsen.util: 2	:invoke	:echo	"Please echo 104"
2023-04-09 11:54:24,771{GMT}	INFO	[jepsen worker 2] jepsen.util: 2	:ok	:echo	{:type "echo_ok", :in_reply_to 3, :msg_id 3, :echo "Please echo 104"}
2023-04-09 11:54:24,951{GMT}	INFO	[jepsen worker 0] jepsen.util: 0	:invoke	:echo	"Please echo 24"
2023-04-09 11:54:24,955{GMT}	INFO	[jepsen worker 0] jepsen.util: 0	:ok	:echo	{:type "echo_ok", :in_reply_to 2, :msg_id 2, :echo "Please echo 24"}
2023-04-09 11:54:25,152{GMT}	INFO	[jepsen worker 0] jepsen.util: 0	:invoke	:echo	"Please echo 2"
2023-04-09 11:54:25,155{GMT}	INFO	[jepsen worker 0] jepsen.util: 0	:ok	:echo	{:type "echo_ok", :in_reply_to 3, :msg_id 3, :echo "Please echo 2"}
2023-04-09 11:54:25,440{GMT}	INFO	[jepsen worker 0] jepsen.util: 0	:invoke	:echo	"Please echo 82"
2023-04-09 11:54:25,442{GMT}	INFO	[jepsen worker 0] jepsen.util: 0	:ok	:echo	{:type "echo_ok", :in_reply_to 4, :msg_id 4, :echo "Please echo 82"}
2023-04-09 11:54:25,798{GMT}	INFO	[jepsen worker 1] jepsen.util: 1	:invoke	:echo	"Please echo 122"
2023-04-09 11:54:25,801{GMT}	INFO	[jepsen worker 1] jepsen.util: 1	:ok	:echo	{:type "echo_ok", :in_reply_to 3, :msg_id 3, :echo "Please echo 122"}
2023-04-09 11:54:26,171{GMT}	INFO	[jepsen worker 4] jepsen.util: 4	:invoke	:echo	"Please echo 117"
2023-04-09 11:54:26,173{GMT}	INFO	[jepsen worker 4] jepsen.util: 4	:ok	:echo	{:type "echo_ok", :in_reply_to 4, :msg_id 4, :echo "Please echo 117"}
2023-04-09 11:54:26,471{GMT}	INFO	[jepsen worker 3] jepsen.util: 3	:invoke	:echo	"Please echo 121"
2023-04-09 11:54:26,474{GMT}	INFO	[jepsen worker 3] jepsen.util: 3	:ok	:echo	{:type "echo_ok", :in_reply_to 3, :msg_id 3, :echo "Please echo 121"}
2023-04-09 11:54:26,704{GMT}	INFO	[jepsen worker 2] jepsen.util: 2	:invoke	:echo	"Please echo 89"
2023-04-09 11:54:26,707{GMT}	INFO	[jepsen worker 2] jepsen.util: 2	:ok	:echo	{:type "echo_ok", :in_reply_to 4, :msg_id 4, :echo "Please echo 89"}
2023-04-09 11:54:26,860{GMT}	INFO	[jepsen worker 4] jepsen.util: 4	:invoke	:echo	"Please echo 96"
2023-04-09 11:54:26,863{GMT}	INFO	[jepsen worker 4] jepsen.util: 4	:ok	:echo	{:type "echo_ok", :in_reply_to 5, :msg_id 5, :echo "Please echo 96"}
2023-04-09 11:54:26,875{GMT}	INFO	[jepsen worker 4] jepsen.util: 4	:invoke	:echo	"Please echo 19"
2023-04-09 11:54:26,877{GMT}	INFO	[jepsen worker 4] jepsen.util: 4	:ok	:echo	{:type "echo_ok", :in_reply_to 6, :msg_id 6, :echo "Please echo 19"}
2023-04-09 11:54:27,199{GMT}	INFO	[jepsen worker 1] jepsen.util: 1	:invoke	:echo	"Please echo 5"
2023-04-09 11:54:27,201{GMT}	INFO	[jepsen worker 1] jepsen.util: 1	:ok	:echo	{:type "echo_ok", :in_reply_to 4, :msg_id 4, :echo "Please echo 5"}
2023-04-09 11:54:27,485{GMT}	INFO	[jepsen worker 3] jepsen.util: 3	:invoke	:echo	"Please echo 18"
2023-04-09 11:54:27,488{GMT}	INFO	[jepsen worker 3] jepsen.util: 3	:ok	:echo	{:type "echo_ok", :in_reply_to 4, :msg_id 4, :echo "Please echo 18"}
2023-04-09 11:54:27,572{GMT}	INFO	[jepsen worker 2] jepsen.util: 2	:invoke	:echo	"Please echo 92"
2023-04-09 11:54:27,574{GMT}	INFO	[jepsen worker 2] jepsen.util: 2	:ok	:echo	{:type "echo_ok", :in_reply_to 5, :msg_id 5, :echo "Please echo 92"}
2023-04-09 11:54:27,680{GMT}	INFO	[jepsen worker 1] jepsen.util: 1	:invoke	:echo	"Please echo 101"
2023-04-09 11:54:27,682{GMT}	INFO	[jepsen worker 1] jepsen.util: 1	:ok	:echo	{:type "echo_ok", :in_reply_to 5, :msg_id 5, :echo "Please echo 101"}
2023-04-09 11:54:27,759{GMT}	INFO	[jepsen worker 1] jepsen.util: 1	:invoke	:echo	"Please echo 125"
2023-04-09 11:54:27,762{GMT}	INFO	[jepsen worker 1] jepsen.util: 1	:ok	:echo	{:type "echo_ok", :in_reply_to 6, :msg_id 6, :echo "Please echo 125"}
2023-04-09 11:54:27,907{GMT}	INFO	[jepsen worker 1] jepsen.util: 1	:invoke	:echo	"Please echo 121"
2023-04-09 11:54:27,910{GMT}	INFO	[jepsen worker 1] jepsen.util: 1	:ok	:echo	{:type "echo_ok", :in_reply_to 7, :msg_id 7, :echo "Please echo 121"}
2023-04-09 11:54:27,975{GMT}	INFO	[jepsen worker 0] jepsen.util: 0	:invoke	:echo	"Please echo 92"
2023-04-09 11:54:27,977{GMT}	INFO	[jepsen worker 0] jepsen.util: 0	:ok	:echo	{:type "echo_ok", :in_reply_to 5, :msg_id 5, :echo "Please echo 92"}
2023-04-09 11:54:28,239{GMT}	INFO	[jepsen worker 0] jepsen.util: 0	:invoke	:echo	"Please echo 87"
2023-04-09 11:54:28,242{GMT}	INFO	[jepsen worker 0] jepsen.util: 0	:ok	:echo	{:type "echo_ok", :in_reply_to 6, :msg_id 6, :echo "Please echo 87"}
2023-04-09 11:54:28,558{GMT}	INFO	[jepsen worker 3] jepsen.util: 3	:invoke	:echo	"Please echo 71"
2023-04-09 11:54:28,560{GMT}	INFO	[jepsen worker 3] jepsen.util: 3	:ok	:echo	{:type "echo_ok", :in_reply_to 5, :msg_id 5, :echo "Please echo 71"}
2023-04-09 11:54:28,814{GMT}	INFO	[jepsen worker 1] jepsen.util: 1	:invoke	:echo	"Please echo 2"
2023-04-09 11:54:28,817{GMT}	INFO	[jepsen worker 1] jepsen.util: 1	:ok	:echo	{:type "echo_ok", :in_reply_to 8, :msg_id 8, :echo "Please echo 2"}
2023-04-09 11:54:28,825{GMT}	INFO	[jepsen worker 0] jepsen.util: 0	:invoke	:echo	"Please echo 36"
2023-04-09 11:54:28,828{GMT}	INFO	[jepsen worker 0] jepsen.util: 0	:ok	:echo	{:type "echo_ok", :in_reply_to 7, :msg_id 7, :echo "Please echo 36"}
2023-04-09 11:54:28,942{GMT}	INFO	[jepsen worker 0] jepsen.util: 0	:invoke	:echo	"Please echo 80"
2023-04-09 11:54:28,945{GMT}	INFO	[jepsen worker 0] jepsen.util: 0	:ok	:echo	{:type "echo_ok", :in_reply_to 8, :msg_id 8, :echo "Please echo 80"}
2023-04-09 11:54:29,181{GMT}	INFO	[jepsen worker 0] jepsen.util: 0	:invoke	:echo	"Please echo 116"
2023-04-09 11:54:29,183{GMT}	INFO	[jepsen worker 0] jepsen.util: 0	:ok	:echo	{:type "echo_ok", :in_reply_to 9, :msg_id 9, :echo "Please echo 116"}
2023-04-09 11:54:29,533{GMT}	INFO	[jepsen worker 2] jepsen.util: 2	:invoke	:echo	"Please echo 13"
2023-04-09 11:54:29,535{GMT}	INFO	[jepsen worker 2] jepsen.util: 2	:ok	:echo	{:type "echo_ok", :in_reply_to 6, :msg_id 6, :echo "Please echo 13"}
2023-04-09 11:54:29,549{GMT}	INFO	[jepsen worker 4] jepsen.util: 4	:invoke	:echo	"Please echo 59"
2023-04-09 11:54:29,551{GMT}	INFO	[jepsen worker 4] jepsen.util: 4	:ok	:echo	{:type "echo_ok", :in_reply_to 7, :msg_id 7, :echo "Please echo 59"}
2023-04-09 11:54:29,724{GMT}	INFO	[jepsen worker 1] jepsen.util: 1	:invoke	:echo	"Please echo 12"
2023-04-09 11:54:29,726{GMT}	INFO	[jepsen worker 1] jepsen.util: 1	:ok	:echo	{:type "echo_ok", :in_reply_to 9, :msg_id 9, :echo "Please echo 12"}
2023-04-09 11:54:30,000{GMT}	INFO	[jepsen worker 3] jepsen.util: 3	:invoke	:echo	"Please echo 96"
2023-04-09 11:54:30,003{GMT}	INFO	[jepsen worker 3] jepsen.util: 3	:ok	:echo	{:type "echo_ok", :in_reply_to 6, :msg_id 6, :echo "Please echo 96"}
2023-04-09 11:54:30,070{GMT}	INFO	[jepsen worker 4] jepsen.util: 4	:invoke	:echo	"Please echo 46"
2023-04-09 11:54:30,073{GMT}	INFO	[jepsen worker 4] jepsen.util: 4	:ok	:echo	{:type "echo_ok", :in_reply_to 8, :msg_id 8, :echo "Please echo 46"}
2023-04-09 11:54:30,233{GMT}	INFO	[jepsen worker 4] jepsen.util: 4	:invoke	:echo	"Please echo 57"
2023-04-09 11:54:30,235{GMT}	INFO	[jepsen worker 4] jepsen.util: 4	:ok	:echo	{:type "echo_ok", :in_reply_to 9, :msg_id 9, :echo "Please echo 57"}
2023-04-09 11:54:30,472{GMT}	INFO	[jepsen worker 3] jepsen.util: 3	:invoke	:echo	"Please echo 117"
2023-04-09 11:54:30,475{GMT}	INFO	[jepsen worker 3] jepsen.util: 3	:ok	:echo	{:type "echo_ok", :in_reply_to 7, :msg_id 7, :echo "Please echo 117"}
2023-04-09 11:54:30,657{GMT}	INFO	[jepsen worker 3] jepsen.util: 3	:invoke	:echo	"Please echo 50"
2023-04-09 11:54:30,660{GMT}	INFO	[jepsen worker 3] jepsen.util: 3	:ok	:echo	{:type "echo_ok", :in_reply_to 8, :msg_id 8, :echo "Please echo 50"}
2023-04-09 11:54:30,958{GMT}	INFO	[jepsen worker 4] jepsen.util: 4	:invoke	:echo	"Please echo 90"
2023-04-09 11:54:30,961{GMT}	INFO	[jepsen worker 4] jepsen.util: 4	:ok	:echo	{:type "echo_ok", :in_reply_to 10, :msg_id 10, :echo "Please echo 90"}
2023-04-09 11:54:31,160{GMT}	INFO	[jepsen worker 3] jepsen.util: 3	:invoke	:echo	"Please echo 36"
2023-04-09 11:54:31,162{GMT}	INFO	[jepsen worker 3] jepsen.util: 3	:ok	:echo	{:type "echo_ok", :in_reply_to 9, :msg_id 9, :echo "Please echo 36"}
2023-04-09 11:54:31,497{GMT}	INFO	[jepsen worker 4] jepsen.util: 4	:invoke	:echo	"Please echo 11"
2023-04-09 11:54:31,506{GMT}	INFO	[jepsen worker 4] jepsen.util: 4	:ok	:echo	{:type "echo_ok", :in_reply_to 11, :msg_id 11, :echo "Please echo 11"}
2023-04-09 11:54:31,614{GMT}	INFO	[jepsen worker 4] jepsen.util: 4	:invoke	:echo	"Please echo 88"
2023-04-09 11:54:31,617{GMT}	INFO	[jepsen worker 4] jepsen.util: 4	:ok	:echo	{:type "echo_ok", :in_reply_to 12, :msg_id 12, :echo "Please echo 88"}
2023-04-09 11:54:31,783{GMT}	INFO	[jepsen worker 4] jepsen.util: 4	:invoke	:echo	"Please echo 83"
2023-04-09 11:54:31,785{GMT}	INFO	[jepsen worker 4] jepsen.util: 4	:ok	:echo	{:type "echo_ok", :in_reply_to 13, :msg_id 13, :echo "Please echo 83"}
2023-04-09 11:54:32,056{GMT}	INFO	[jepsen worker 1] jepsen.util: 1	:invoke	:echo	"Please echo 33"
2023-04-09 11:54:32,059{GMT}	INFO	[jepsen worker 1] jepsen.util: 1	:ok	:echo	{:type "echo_ok", :in_reply_to 10, :msg_id 10, :echo "Please echo 33"}
2023-04-09 11:54:32,109{GMT}	INFO	[jepsen worker 4] jepsen.util: 4	:invoke	:echo	"Please echo 85"
2023-04-09 11:54:32,111{GMT}	INFO	[jepsen worker 4] jepsen.util: 4	:ok	:echo	{:type "echo_ok", :in_reply_to 14, :msg_id 14, :echo "Please echo 85"}
2023-04-09 11:54:32,205{GMT}	INFO	[jepsen worker 4] jepsen.util: 4	:invoke	:echo	"Please echo 11"
2023-04-09 11:54:32,207{GMT}	INFO	[jepsen worker 4] jepsen.util: 4	:ok	:echo	{:type "echo_ok", :in_reply_to 15, :msg_id 15, :echo "Please echo 11"}
2023-04-09 11:54:32,327{GMT}	INFO	[jepsen worker 0] jepsen.util: 0	:invoke	:echo	"Please echo 88"
2023-04-09 11:54:32,329{GMT}	INFO	[jepsen worker 0] jepsen.util: 0	:ok	:echo	{:type "echo_ok", :in_reply_to 10, :msg_id 10, :echo "Please echo 88"}
2023-04-09 11:54:32,649{GMT}	INFO	[jepsen worker 1] jepsen.util: 1	:invoke	:echo	"Please echo 3"
2023-04-09 11:54:32,652{GMT}	INFO	[jepsen worker 1] jepsen.util: 1	:ok	:echo	{:type "echo_ok", :in_reply_to 11, :msg_id 11, :echo "Please echo 3"}
2023-04-09 11:54:32,678{GMT}	INFO	[jepsen test runner] jepsen.core: Run complete, writing
2023-04-09 11:54:32,740{GMT}	INFO	[jepsen node n3] maelstrom.db: Tearing down n3
2023-04-09 11:54:32,740{GMT}	INFO	[jepsen node n1] maelstrom.db: Tearing down n1
2023-04-09 11:54:32,740{GMT}	INFO	[jepsen node n2] maelstrom.db: Tearing down n2
2023-04-09 11:54:32,740{GMT}	INFO	[jepsen node n4] maelstrom.db: Tearing down n4
2023-04-09 11:54:32,740{GMT}	INFO	[jepsen node n5] maelstrom.db: Tearing down n5
2023-04-09 11:54:33,717{GMT}	INFO	[jepsen node n1] maelstrom.net: Shutting down Maelstrom network
2023-04-09 11:54:33,718{GMT}	INFO	[jepsen test runner] jepsen.core: Analyzing...
2023-04-09 11:54:33,759{GMT}	WARN	[clojure-agent-send-off-pool-1] jepsen.checker: Error while checking history:
java.lang.IllegalStateException: Error rendering plot, verify gnuplot is installed and reachable
	at jepsen.checker.perf$plot_BANG_.invokeStatic(perf.clj:489)
	at jepsen.checker.perf$plot_BANG_.invoke(perf.clj:426)
	at jepsen.checker.perf$rate_graph_BANG_.invokeStatic(perf.clj:623)
	at jepsen.checker.perf$rate_graph_BANG_.invoke(perf.clj:568)
	at jepsen.checker$rate_graph$reify__12101.check(checker.clj:843)
	at jepsen.checker$check_safe.invokeStatic(checker.clj:86)
	at jepsen.checker$check_safe.invoke(checker.clj:79)
	at jepsen.checker$compose$reify__11881$fn__11883.invoke(checker.clj:102)
	at clojure.core$pmap$fn__8552$fn__8553.invoke(core.clj:7089)
	at clojure.core$binding_conveyor_fn$fn__5823.invoke(core.clj:2047)
	at clojure.lang.AFn.call(AFn.java:18)
	at java.base/java.util.concurrent.FutureTask.run(FutureTask.java:317)
	at java.base/java.util.concurrent.ThreadPoolExecutor.runWorker(ThreadPoolExecutor.java:1144)
	at java.base/java.util.concurrent.ThreadPoolExecutor$Worker.run(ThreadPoolExecutor.java:642)
	at java.base/java.lang.Thread.run(Thread.java:1589)
Caused by: java.io.IOException: Cannot run program "gnuplot": error=2, No such file or directory
	at java.base/java.lang.ProcessBuilder.start(ProcessBuilder.java:1143)
	at java.base/java.lang.ProcessBuilder.start(ProcessBuilder.java:1073)
	at java.base/java.lang.Runtime.exec(Runtime.java:615)
	at clojure.java.shell$sh.invokeStatic(shell.clj:113)
	at clojure.java.shell$sh.doInvoke(shell.clj:79)
	at clojure.lang.RestFn.invoke(RestFn.java:512)
	at gnuplot.core$run_BANG_.invokeStatic(core.clj:76)
	at gnuplot.core$run_BANG_.invoke(core.clj:66)
	at gnuplot.core$raw_plot_BANG_.invokeStatic(core.clj:106)
	at gnuplot.core$raw_plot_BANG_.invoke(core.clj:91)
	... 15 common frames omitted
Caused by: java.io.IOException: error=2, No such file or directory
	at java.base/java.lang.ProcessImpl.forkAndExec(Native Method)
	at java.base/java.lang.ProcessImpl.<init>(ProcessImpl.java:319)
	at java.base/java.lang.ProcessImpl.start(ProcessImpl.java:249)
	at java.base/java.lang.ProcessBuilder.start(ProcessBuilder.java:1110)
	... 24 common frames omitted
2023-04-09 11:54:33,766{GMT}	WARN	[clojure-agent-send-off-pool-0] jepsen.checker: Error while checking history:
java.lang.IllegalStateException: Error rendering plot, verify gnuplot is installed and reachable
	at jepsen.checker.perf$plot_BANG_.invokeStatic(perf.clj:489)
	at jepsen.checker.perf$plot_BANG_.invoke(perf.clj:426)
	at jepsen.checker.perf$point_graph_BANG_.invokeStatic(perf.clj:520)
	at jepsen.checker.perf$point_graph_BANG_.invoke(perf.clj:493)
	at jepsen.checker$latency_graph$reify__12098.check(checker.clj:830)
	at jepsen.checker$check_safe.invokeStatic(checker.clj:86)
	at jepsen.checker$check_safe.invoke(checker.clj:79)
	at jepsen.checker$compose$reify__11881$fn__11883.invoke(checker.clj:102)
	at clojure.core$pmap$fn__8552$fn__8553.invoke(core.clj:7089)
	at clojure.core$binding_conveyor_fn$fn__5823.invoke(core.clj:2047)
	at clojure.lang.AFn.call(AFn.java:18)
	at java.base/java.util.concurrent.FutureTask.run(FutureTask.java:317)
	at java.base/java.util.concurrent.ThreadPoolExecutor.runWorker(ThreadPoolExecutor.java:1144)
	at java.base/java.util.concurrent.ThreadPoolExecutor$Worker.run(ThreadPoolExecutor.java:642)
	at java.base/java.lang.Thread.run(Thread.java:1589)
Caused by: java.io.IOException: Cannot run program "gnuplot": error=2, No such file or directory
	at java.base/java.lang.ProcessBuilder.start(ProcessBuilder.java:1143)
	at java.base/java.lang.ProcessBuilder.start(ProcessBuilder.java:1073)
	at java.base/java.lang.Runtime.exec(Runtime.java:615)
	at clojure.java.shell$sh.invokeStatic(shell.clj:113)
	at clojure.java.shell$sh.doInvoke(shell.clj:79)
	at clojure.lang.RestFn.invoke(RestFn.java:512)
	at gnuplot.core$run_BANG_.invokeStatic(core.clj:76)
	at gnuplot.core$run_BANG_.invoke(core.clj:66)
	at gnuplot.core$raw_plot_BANG_.invokeStatic(core.clj:106)
	at gnuplot.core$raw_plot_BANG_.invoke(core.clj:91)
	... 15 common frames omitted
Caused by: java.io.IOException: error=2, No such file or directory
	at java.base/java.lang.ProcessImpl.forkAndExec(Native Method)
	at java.base/java.lang.ProcessImpl.<init>(ProcessImpl.java:319)
	at java.base/java.lang.ProcessImpl.start(ProcessImpl.java:249)
	at java.base/java.lang.ProcessBuilder.start(ProcessBuilder.java:1110)
	... 24 common frames omitted
2023-04-09 11:54:33,787{GMT}	INFO	[jepsen test runner] jepsen.core: Analysis complete
2023-04-09 11:54:33,794{GMT}	INFO	[jepsen results] jepsen.store: Wrote /home/navin/PersonalGithub/flyio-distsys/challenge-1/store/echo/20230409T115421.251+0530/results.edn
2023-04-09 11:54:33,815{GMT}	INFO	[jepsen test runner] jepsen.core: {:perf {:latency-graph {:valid? :unknown,
                        :error "java.lang.IllegalStateException: Error rendering plot, verify gnuplot is installed and reachable\n at jepsen.checker.perf$plot_BANG_.invokeStatic (perf.clj:489)\n    jepsen.checker.perf$plot_BANG_.invoke (perf.clj:426)\n    jepsen.checker.perf$point_graph_BANG_.invokeStatic (perf.clj:520)\n    jepsen.checker.perf$point_graph_BANG_.invoke (perf.clj:493)\n    jepsen.checker$latency_graph$reify__12098.check (checker.clj:830)\n    jepsen.checker$check_safe.invokeStatic (checker.clj:86)\n    jepsen.checker$check_safe.invoke (checker.clj:79)\n    jepsen.checker$compose$reify__11881$fn__11883.invoke (checker.clj:102)\n    clojure.core$pmap$fn__8552$fn__8553.invoke (core.clj:7089)\n    clojure.core$binding_conveyor_fn$fn__5823.invoke (core.clj:2047)\n    clojure.lang.AFn.call (AFn.java:18)\n    java.util.concurrent.FutureTask.run (FutureTask.java:317)\n    java.util.concurrent.ThreadPoolExecutor.runWorker (ThreadPoolExecutor.java:1144)\n    java.util.concurrent.ThreadPoolExecutor$Worker.run (ThreadPoolExecutor.java:642)\n    java.lang.Thread.run (Thread.java:1589)\nCaused by: java.io.IOException: Cannot run program \"gnuplot\": error=2, No such file or directory\n at java.lang.ProcessBuilder.start (ProcessBuilder.java:1143)\n    java.lang.ProcessBuilder.start (ProcessBuilder.java:1073)\n    java.lang.Runtime.exec (Runtime.java:615)\n    clojure.java.shell$sh.invokeStatic (shell.clj:113)\n    clojure.java.shell$sh.doInvoke (shell.clj:79)\n    clojure.lang.RestFn.invoke (RestFn.java:512)\n    gnuplot.core$run_BANG_.invokeStatic (core.clj:76)\n    gnuplot.core$run_BANG_.invoke (core.clj:66)\n    gnuplot.core$raw_plot_BANG_.invokeStatic (core.clj:106)\n    gnuplot.core$raw_plot_BANG_.invoke (core.clj:91)\n    jepsen.checker.perf$plot_BANG_.invokeStatic (perf.clj:489)\n    jepsen.checker.perf$plot_BANG_.invoke (perf.clj:426)\n    jepsen.checker.perf$point_graph_BANG_.invokeStatic (perf.clj:520)\n    jepsen.checker.perf$point_graph_BANG_.invoke (perf.clj:493)\n    jepsen.checker$latency_graph$reify__12098.check (checker.clj:830)\n    jepsen.checker$check_safe.invokeStatic (checker.clj:86)\n    jepsen.checker$check_safe.invoke (checker.clj:79)\n    jepsen.checker$compose$reify__11881$fn__11883.invoke (checker.clj:102)\n    clojure.core$pmap$fn__8552$fn__8553.invoke (core.clj:7089)\n    clojure.core$binding_conveyor_fn$fn__5823.invoke (core.clj:2047)\n    clojure.lang.AFn.call (AFn.java:18)\n    java.util.concurrent.FutureTask.run (FutureTask.java:317)\n    java.util.concurrent.ThreadPoolExecutor.runWorker (ThreadPoolExecutor.java:1144)\n    java.util.concurrent.ThreadPoolExecutor$Worker.run (ThreadPoolExecutor.java:642)\n    java.lang.Thread.run (Thread.java:1589)\nCaused by: java.io.IOException: error=2, No such file or directory\n at java.lang.ProcessImpl.forkAndExec (ProcessImpl.java:-2)\n    java.lang.ProcessImpl.<init> (ProcessImpl.java:319)\n    java.lang.ProcessImpl.start (ProcessImpl.java:249)\n    java.lang.ProcessBuilder.start (ProcessBuilder.java:1110)\n    java.lang.ProcessBuilder.start (ProcessBuilder.java:1073)\n    java.lang.Runtime.exec (Runtime.java:615)\n    clojure.java.shell$sh.invokeStatic (shell.clj:113)\n    clojure.java.shell$sh.doInvoke (shell.clj:79)\n    clojure.lang.RestFn.invoke (RestFn.java:512)\n    gnuplot.core$run_BANG_.invokeStatic (core.clj:76)\n    gnuplot.core$run_BANG_.invoke (core.clj:66)\n    gnuplot.core$raw_plot_BANG_.invokeStatic (core.clj:106)\n    gnuplot.core$raw_plot_BANG_.invoke (core.clj:91)\n    jepsen.checker.perf$plot_BANG_.invokeStatic (perf.clj:489)\n    jepsen.checker.perf$plot_BANG_.invoke (perf.clj:426)\n    jepsen.checker.perf$point_graph_BANG_.invokeStatic (perf.clj:520)\n    jepsen.checker.perf$point_graph_BANG_.invoke (perf.clj:493)\n    jepsen.checker$latency_graph$reify__12098.check (checker.clj:830)\n    jepsen.checker$check_safe.invokeStatic (checker.clj:86)\n    jepsen.checker$check_safe.invoke (checker.clj:79)\n    jepsen.checker$compose$reify__11881$fn__11883.invoke (checker.clj:102)\n    clojure.core$pmap$fn__8552$fn__8553.invoke (core.clj:7089)\n    clojure.core$binding_conveyor_fn$fn__5823.invoke (core.clj:2047)\n    clojure.lang.AFn.call (AFn.java:18)\n    java.util.concurrent.FutureTask.run (FutureTask.java:317)\n    java.util.concurrent.ThreadPoolExecutor.runWorker (ThreadPoolExecutor.java:1144)\n    java.util.concurrent.ThreadPoolExecutor$Worker.run (ThreadPoolExecutor.java:642)\n    java.lang.Thread.run (Thread.java:1589)\n"},
        :rate-graph {:valid? :unknown,
                     :error "java.lang.IllegalStateException: Error rendering plot, verify gnuplot is installed and reachable\n at jepsen.checker.perf$plot_BANG_.invokeStatic (perf.clj:489)\n    jepsen.checker.perf$plot_BANG_.invoke (perf.clj:426)\n    jepsen.checker.perf$rate_graph_BANG_.invokeStatic (perf.clj:623)\n    jepsen.checker.perf$rate_graph_BANG_.invoke (perf.clj:568)\n    jepsen.checker$rate_graph$reify__12101.check (checker.clj:843)\n    jepsen.checker$check_safe.invokeStatic (checker.clj:86)\n    jepsen.checker$check_safe.invoke (checker.clj:79)\n    jepsen.checker$compose$reify__11881$fn__11883.invoke (checker.clj:102)\n    clojure.core$pmap$fn__8552$fn__8553.invoke (core.clj:7089)\n    clojure.core$binding_conveyor_fn$fn__5823.invoke (core.clj:2047)\n    clojure.lang.AFn.call (AFn.java:18)\n    java.util.concurrent.FutureTask.run (FutureTask.java:317)\n    java.util.concurrent.ThreadPoolExecutor.runWorker (ThreadPoolExecutor.java:1144)\n    java.util.concurrent.ThreadPoolExecutor$Worker.run (ThreadPoolExecutor.java:642)\n    java.lang.Thread.run (Thread.java:1589)\nCaused by: java.io.IOException: Cannot run program \"gnuplot\": error=2, No such file or directory\n at java.lang.ProcessBuilder.start (ProcessBuilder.java:1143)\n    java.lang.ProcessBuilder.start (ProcessBuilder.java:1073)\n    java.lang.Runtime.exec (Runtime.java:615)\n    clojure.java.shell$sh.invokeStatic (shell.clj:113)\n    clojure.java.shell$sh.doInvoke (shell.clj:79)\n    clojure.lang.RestFn.invoke (RestFn.java:512)\n    gnuplot.core$run_BANG_.invokeStatic (core.clj:76)\n    gnuplot.core$run_BANG_.invoke (core.clj:66)\n    gnuplot.core$raw_plot_BANG_.invokeStatic (core.clj:106)\n    gnuplot.core$raw_plot_BANG_.invoke (core.clj:91)\n    jepsen.checker.perf$plot_BANG_.invokeStatic (perf.clj:489)\n    jepsen.checker.perf$plot_BANG_.invoke (perf.clj:426)\n    jepsen.checker.perf$rate_graph_BANG_.invokeStatic (perf.clj:623)\n    jepsen.checker.perf$rate_graph_BANG_.invoke (perf.clj:568)\n    jepsen.checker$rate_graph$reify__12101.check (checker.clj:843)\n    jepsen.checker$check_safe.invokeStatic (checker.clj:86)\n    jepsen.checker$check_safe.invoke (checker.clj:79)\n    jepsen.checker$compose$reify__11881$fn__11883.invoke (checker.clj:102)\n    clojure.core$pmap$fn__8552$fn__8553.invoke (core.clj:7089)\n    clojure.core$binding_conveyor_fn$fn__5823.invoke (core.clj:2047)\n    clojure.lang.AFn.call (AFn.java:18)\n    java.util.concurrent.FutureTask.run (FutureTask.java:317)\n    java.util.concurrent.ThreadPoolExecutor.runWorker (ThreadPoolExecutor.java:1144)\n    java.util.concurrent.ThreadPoolExecutor$Worker.run (ThreadPoolExecutor.java:642)\n    java.lang.Thread.run (Thread.java:1589)\nCaused by: java.io.IOException: error=2, No such file or directory\n at java.lang.ProcessImpl.forkAndExec (ProcessImpl.java:-2)\n    java.lang.ProcessImpl.<init> (ProcessImpl.java:319)\n    java.lang.ProcessImpl.start (ProcessImpl.java:249)\n    java.lang.ProcessBuilder.start (ProcessBuilder.java:1110)\n    java.lang.ProcessBuilder.start (ProcessBuilder.java:1073)\n    java.lang.Runtime.exec (Runtime.java:615)\n    clojure.java.shell$sh.invokeStatic (shell.clj:113)\n    clojure.java.shell$sh.doInvoke (shell.clj:79)\n    clojure.lang.RestFn.invoke (RestFn.java:512)\n    gnuplot.core$run_BANG_.invokeStatic (core.clj:76)\n    gnuplot.core$run_BANG_.invoke (core.clj:66)\n    gnuplot.core$raw_plot_BANG_.invokeStatic (core.clj:106)\n    gnuplot.core$raw_plot_BANG_.invoke (core.clj:91)\n    jepsen.checker.perf$plot_BANG_.invokeStatic (perf.clj:489)\n    jepsen.checker.perf$plot_BANG_.invoke (perf.clj:426)\n    jepsen.checker.perf$rate_graph_BANG_.invokeStatic (perf.clj:623)\n    jepsen.checker.perf$rate_graph_BANG_.invoke (perf.clj:568)\n    jepsen.checker$rate_graph$reify__12101.check (checker.clj:843)\n    jepsen.checker$check_safe.invokeStatic (checker.clj:86)\n    jepsen.checker$check_safe.invoke (checker.clj:79)\n    jepsen.checker$compose$reify__11881$fn__11883.invoke (checker.clj:102)\n    clojure.core$pmap$fn__8552$fn__8553.invoke (core.clj:7089)\n    clojure.core$binding_conveyor_fn$fn__5823.invoke (core.clj:2047)\n    clojure.lang.AFn.call (AFn.java:18)\n    java.util.concurrent.FutureTask.run (FutureTask.java:317)\n    java.util.concurrent.ThreadPoolExecutor.runWorker (ThreadPoolExecutor.java:1144)\n    java.util.concurrent.ThreadPoolExecutor$Worker.run (ThreadPoolExecutor.java:642)\n    java.lang.Thread.run (Thread.java:1589)\n"},
        :valid? :unknown},
 :timeline {:valid? true},
 :exceptions {:valid? true},
 :stats {:valid? true,
         :count 51,
         :ok-count 51,
         :fail-count 0,
         :info-count 0,
         :by-f {:echo {:valid? true,
                       :count 51,
                       :ok-count 51,
                       :fail-count 0,
                       :info-count 0}}},
 :availability {:valid? true, :ok-fraction 1.0},
 :net {:all {:send-count 112,
             :recv-count 112,
             :msg-count 112,
             :msgs-per-op 2.1960785},
       :clients {:send-count 112, :recv-count 112, :msg-count 112},
       :servers {:send-count 0,
                 :recv-count 0,
                 :msg-count 0,
                 :msgs-per-op 0.0},
       :valid? true},
 :workload {:valid? true, :errors ()},
 :valid? :unknown}


Errors occurred during analysis, but no anomalies found. ಠ~ಠ
