2023-04-09 11:56:09,813{GMT}	INFO	[jepsen test runner] jepsen.core: Command line:
lein run test -w echo --bin target/debug/challenge-1 --time-limit 10
2023-04-09 11:56:09,861{GMT}	INFO	[jepsen test runner] jepsen.core: Running test:
{:args []
 :remote
 #jepsen.control.retry.Remote{:remote #jepsen.control.scp.Remote{:cmd-remote #jepsen.control.sshj.SSHJRemote{:concurrency-limit 6,
                                                                                                             :conn-spec nil,
                                                                                                             :client nil,
                                                                                                             :semaphore nil},
                                                                 :conn-spec nil},
                              :conn nil}
 :log-net-send false
 :node-count nil
 :availability nil
 :max-txn-length 4
 :concurrency 5
 :db
 #object[maelstrom.db$db$reify__16142
         "0x7e86ff3b"
         "maelstrom.db$db$reify__16142@7e86ff3b"]
 :max-writes-per-key 16
 :leave-db-running? false
 :name "echo"
 :logging-json? false
 :start-time
 #object[org.joda.time.DateTime "0x1f6865ca" "2023-04-09T11:56:09.795+05:30"]
 :nemesis-interval 10
 :net
 #object[maelstrom.net$jepsen_net$reify__15251
         "0x6044311a"
         "maelstrom.net$jepsen_net$reify__15251@6044311a"]
 :client
 #object[maelstrom.workload.echo$client$reify__16863
         "0x7416b560"
         "maelstrom.workload.echo$client$reify__16863@7416b560"]
 :barrier
 #object[java.util.concurrent.CyclicBarrier
         "0x53d782b0"
         "java.util.concurrent.CyclicBarrier@53d782b0"]
 :log-stderr false
 :pure-generators true
 :ssh {:dummy? true}
 :rate 5
 :checker
 #object[jepsen.checker$compose$reify__11881
         "0xf4deb35"
         "jepsen.checker$compose$reify__11881@f4deb35"]
 :argv
 ("test" "-w" "echo" "--bin" "target/debug/challenge-1" "--time-limit" "10")
 :nemesis
 (jepsen.nemesis.ReflCompose
  {:fm {:start-partition 0,
        :stop-partition 0,
        :kill 1,
        :start 1,
        :pause 1,
        :resume 1},
   :nemeses [#unprintable "jepsen.nemesis.combined$partition_nemesis$reify__16416@4ec0c727"
             #unprintable "jepsen.nemesis.combined$db_nemesis$reify__16397@fbcc62a"]})
 :nodes ["n1" "n2" "n3" "n4" "n5"]
 :test-count 1
 :latency {:mean 0, :dist :constant}
 :bin "target/debug/challenge-1"
 :generator
 (jepsen.generator.TimeLimit
  {:limit 10000000000,
   :cutoff nil,
   :gen (jepsen.generator.Any
         {:gens [(jepsen.generator.OnThreads
                  {:f #{:nemesis},
                   :context-filter #object[jepsen.generator.context$make_thread_filter$lazy_filter__9167
                                           "0x58230224"
                                           "jepsen.generator.context$make_thread_filter$lazy_filter__9167@58230224"],
                   :gen nil})
                 (jepsen.generator.OnThreads
                  {:f #jepsen.generator.context.AllBut{:element :nemesis},
                   :context-filter #object[jepsen.generator.context$make_thread_filter$lazy_filter__9167
                                           "0x583f6270"
                                           "jepsen.generator.context$make_thread_filter$lazy_filter__9167@583f6270"],
                   :gen (jepsen.generator.Stagger
                         {:dt 400000000,
                          :next-time nil,
                          :gen (jepsen.generator.EachThread
                                {:fresh-gen #object[maelstrom.workload.echo$workload$fn__16882
                                                    "0x2bd24c09"
                                                    "maelstrom.workload.echo$workload$fn__16882@2bd24c09"],
                                 :context-filters #object[clojure.core$promise$reify__8591
                                                          "0x3e6b8b27"
                                                          {:status :pending,
                                                           :val nil}],
                                 :gens {}})})})]})})
 :log-net-recv false
 :os
 #object[maelstrom.net$jepsen_os$reify__15254
         "0x7e199cec"
         "maelstrom.net$jepsen_os$reify__15254@7e199cec"]
 :time-limit 10
 :workload :echo
 :consistency-models [:strict-serializable]
 :topology :grid}

2023-04-09 11:56:11,231{GMT}	INFO	[jepsen node n1] maelstrom.net: Starting Maelstrom network
2023-04-09 11:56:11,233{GMT}	INFO	[jepsen test runner] jepsen.db: Tearing down DB
2023-04-09 11:56:11,235{GMT}	INFO	[jepsen test runner] jepsen.db: Setting up DB
2023-04-09 11:56:11,236{GMT}	INFO	[jepsen node n2] maelstrom.db: Setting up n2
2023-04-09 11:56:11,236{GMT}	INFO	[jepsen node n4] maelstrom.db: Setting up n4
2023-04-09 11:56:11,236{GMT}	INFO	[jepsen node n5] maelstrom.db: Setting up n5
2023-04-09 11:56:11,236{GMT}	INFO	[jepsen node n3] maelstrom.db: Setting up n3
2023-04-09 11:56:11,236{GMT}	INFO	[jepsen node n2] maelstrom.process: launching target/debug/challenge-1 []
2023-04-09 11:56:11,236{GMT}	INFO	[jepsen node n5] maelstrom.process: launching target/debug/challenge-1 []
2023-04-09 11:56:11,236{GMT}	INFO	[jepsen node n4] maelstrom.process: launching target/debug/challenge-1 []
2023-04-09 11:56:11,236{GMT}	INFO	[jepsen node n3] maelstrom.process: launching target/debug/challenge-1 []
2023-04-09 11:56:11,237{GMT}	INFO	[jepsen node n1] maelstrom.service: Starting services: (lin-kv lin-tso lww-kv seq-kv)
2023-04-09 11:56:11,241{GMT}	INFO	[jepsen node n1] maelstrom.db: Setting up n1
2023-04-09 11:56:11,242{GMT}	INFO	[jepsen node n1] maelstrom.process: launching target/debug/challenge-1 []
2023-04-09 11:56:11,267{GMT}	INFO	[jepsen test runner] jepsen.core: Relative time begins now
2023-04-09 11:56:11,281{GMT}	INFO	[jepsen worker 3] jepsen.util: 3	:invoke	:echo	"Please echo 81"
2023-04-09 11:56:11,289{GMT}	INFO	[jepsen worker 3] jepsen.util: 3	:ok	:echo	{:type "echo_ok", :in_reply_to 1, :msg_id 1, :echo "Please echo 81"}
2023-04-09 11:56:11,483{GMT}	INFO	[jepsen worker 2] jepsen.util: 2	:invoke	:echo	"Please echo 15"
2023-04-09 11:56:11,487{GMT}	INFO	[jepsen worker 2] jepsen.util: 2	:ok	:echo	{:type "echo_ok", :in_reply_to 1, :msg_id 1, :echo "Please echo 15"}
2023-04-09 11:56:11,833{GMT}	INFO	[jepsen worker 0] jepsen.util: 0	:invoke	:echo	"Please echo 114"
2023-04-09 11:56:11,838{GMT}	INFO	[jepsen worker 0] jepsen.util: 0	:ok	:echo	{:type "echo_ok", :in_reply_to 1, :msg_id 1, :echo "Please echo 114"}
2023-04-09 11:56:11,954{GMT}	INFO	[jepsen worker 3] jepsen.util: 3	:invoke	:echo	"Please echo 7"
2023-04-09 11:56:11,957{GMT}	INFO	[jepsen worker 3] jepsen.util: 3	:ok	:echo	{:type "echo_ok", :in_reply_to 2, :msg_id 2, :echo "Please echo 7"}
2023-04-09 11:56:12,113{GMT}	INFO	[jepsen worker 1] jepsen.util: 1	:invoke	:echo	"Please echo 81"
2023-04-09 11:56:12,117{GMT}	INFO	[jepsen worker 1] jepsen.util: 1	:ok	:echo	{:type "echo_ok", :in_reply_to 1, :msg_id 1, :echo "Please echo 81"}
2023-04-09 11:56:12,189{GMT}	INFO	[jepsen worker 2] jepsen.util: 2	:invoke	:echo	"Please echo 126"
2023-04-09 11:56:12,192{GMT}	INFO	[jepsen worker 2] jepsen.util: 2	:ok	:echo	{:type "echo_ok", :in_reply_to 2, :msg_id 2, :echo "Please echo 126"}
2023-04-09 11:56:12,309{GMT}	INFO	[jepsen worker 4] jepsen.util: 4	:invoke	:echo	"Please echo 3"
2023-04-09 11:56:12,314{GMT}	INFO	[jepsen worker 4] jepsen.util: 4	:ok	:echo	{:type "echo_ok", :in_reply_to 1, :msg_id 1, :echo "Please echo 3"}
2023-04-09 11:56:12,402{GMT}	INFO	[jepsen worker 0] jepsen.util: 0	:invoke	:echo	"Please echo 7"
2023-04-09 11:56:12,405{GMT}	INFO	[jepsen worker 0] jepsen.util: 0	:ok	:echo	{:type "echo_ok", :in_reply_to 2, :msg_id 2, :echo "Please echo 7"}
2023-04-09 11:56:12,680{GMT}	INFO	[jepsen worker 2] jepsen.util: 2	:invoke	:echo	"Please echo 61"
2023-04-09 11:56:12,683{GMT}	INFO	[jepsen worker 2] jepsen.util: 2	:ok	:echo	{:type "echo_ok", :in_reply_to 3, :msg_id 3, :echo "Please echo 61"}
2023-04-09 11:56:12,773{GMT}	INFO	[jepsen worker 3] jepsen.util: 3	:invoke	:echo	"Please echo 49"
2023-04-09 11:56:12,775{GMT}	INFO	[jepsen worker 3] jepsen.util: 3	:ok	:echo	{:type "echo_ok", :in_reply_to 3, :msg_id 3, :echo "Please echo 49"}
2023-04-09 11:56:13,153{GMT}	INFO	[jepsen worker 2] jepsen.util: 2	:invoke	:echo	"Please echo 121"
2023-04-09 11:56:13,155{GMT}	INFO	[jepsen worker 2] jepsen.util: 2	:ok	:echo	{:type "echo_ok", :in_reply_to 4, :msg_id 4, :echo "Please echo 121"}
2023-04-09 11:56:13,203{GMT}	INFO	[jepsen worker 3] jepsen.util: 3	:invoke	:echo	"Please echo 79"
2023-04-09 11:56:13,206{GMT}	INFO	[jepsen worker 3] jepsen.util: 3	:ok	:echo	{:type "echo_ok", :in_reply_to 4, :msg_id 4, :echo "Please echo 79"}
2023-04-09 11:56:13,536{GMT}	INFO	[jepsen worker 2] jepsen.util: 2	:invoke	:echo	"Please echo 19"
2023-04-09 11:56:13,538{GMT}	INFO	[jepsen worker 2] jepsen.util: 2	:ok	:echo	{:type "echo_ok", :in_reply_to 5, :msg_id 5, :echo "Please echo 19"}
2023-04-09 11:56:13,854{GMT}	INFO	[jepsen worker 4] jepsen.util: 4	:invoke	:echo	"Please echo 21"
2023-04-09 11:56:13,857{GMT}	INFO	[jepsen worker 4] jepsen.util: 4	:ok	:echo	{:type "echo_ok", :in_reply_to 2, :msg_id 2, :echo "Please echo 21"}
2023-04-09 11:56:13,967{GMT}	INFO	[jepsen worker 0] jepsen.util: 0	:invoke	:echo	"Please echo 118"
2023-04-09 11:56:13,970{GMT}	INFO	[jepsen worker 0] jepsen.util: 0	:ok	:echo	{:type "echo_ok", :in_reply_to 3, :msg_id 3, :echo "Please echo 118"}
2023-04-09 11:56:14,027{GMT}	INFO	[jepsen worker 2] jepsen.util: 2	:invoke	:echo	"Please echo 43"
2023-04-09 11:56:14,029{GMT}	INFO	[jepsen worker 2] jepsen.util: 2	:ok	:echo	{:type "echo_ok", :in_reply_to 6, :msg_id 6, :echo "Please echo 43"}
2023-04-09 11:56:14,220{GMT}	INFO	[jepsen worker 2] jepsen.util: 2	:invoke	:echo	"Please echo 126"
2023-04-09 11:56:14,223{GMT}	INFO	[jepsen worker 2] jepsen.util: 2	:ok	:echo	{:type "echo_ok", :in_reply_to 7, :msg_id 7, :echo "Please echo 126"}
2023-04-09 11:56:14,367{GMT}	INFO	[jepsen worker 3] jepsen.util: 3	:invoke	:echo	"Please echo 92"
2023-04-09 11:56:14,369{GMT}	INFO	[jepsen worker 3] jepsen.util: 3	:ok	:echo	{:type "echo_ok", :in_reply_to 5, :msg_id 5, :echo "Please echo 92"}
2023-04-09 11:56:14,532{GMT}	INFO	[jepsen worker 1] jepsen.util: 1	:invoke	:echo	"Please echo 8"
2023-04-09 11:56:14,534{GMT}	INFO	[jepsen worker 1] jepsen.util: 1	:ok	:echo	{:type "echo_ok", :in_reply_to 2, :msg_id 2, :echo "Please echo 8"}
2023-04-09 11:56:14,661{GMT}	INFO	[jepsen worker 1] jepsen.util: 1	:invoke	:echo	"Please echo 110"
2023-04-09 11:56:14,664{GMT}	INFO	[jepsen worker 1] jepsen.util: 1	:ok	:echo	{:type "echo_ok", :in_reply_to 3, :msg_id 3, :echo "Please echo 110"}
2023-04-09 11:56:14,687{GMT}	INFO	[jepsen worker 3] jepsen.util: 3	:invoke	:echo	"Please echo 8"
2023-04-09 11:56:14,690{GMT}	INFO	[jepsen worker 3] jepsen.util: 3	:ok	:echo	{:type "echo_ok", :in_reply_to 6, :msg_id 6, :echo "Please echo 8"}
2023-04-09 11:56:14,915{GMT}	INFO	[jepsen worker 3] jepsen.util: 3	:invoke	:echo	"Please echo 7"
2023-04-09 11:56:14,917{GMT}	INFO	[jepsen worker 3] jepsen.util: 3	:ok	:echo	{:type "echo_ok", :in_reply_to 7, :msg_id 7, :echo "Please echo 7"}
2023-04-09 11:56:15,045{GMT}	INFO	[jepsen worker 1] jepsen.util: 1	:invoke	:echo	"Please echo 47"
2023-04-09 11:56:15,048{GMT}	INFO	[jepsen worker 1] jepsen.util: 1	:ok	:echo	{:type "echo_ok", :in_reply_to 4, :msg_id 4, :echo "Please echo 47"}
2023-04-09 11:56:15,264{GMT}	INFO	[jepsen worker 2] jepsen.util: 2	:invoke	:echo	"Please echo 65"
2023-04-09 11:56:15,267{GMT}	INFO	[jepsen worker 2] jepsen.util: 2	:ok	:echo	{:type "echo_ok", :in_reply_to 8, :msg_id 8, :echo "Please echo 65"}
2023-04-09 11:56:15,543{GMT}	INFO	[jepsen worker 1] jepsen.util: 1	:invoke	:echo	"Please echo 23"
2023-04-09 11:56:15,544{GMT}	INFO	[jepsen worker 1] jepsen.util: 1	:ok	:echo	{:type "echo_ok", :in_reply_to 5, :msg_id 5, :echo "Please echo 23"}
2023-04-09 11:56:15,602{GMT}	INFO	[jepsen worker 2] jepsen.util: 2	:invoke	:echo	"Please echo 31"
2023-04-09 11:56:15,604{GMT}	INFO	[jepsen worker 2] jepsen.util: 2	:ok	:echo	{:type "echo_ok", :in_reply_to 9, :msg_id 9, :echo "Please echo 31"}
2023-04-09 11:56:15,606{GMT}	INFO	[jepsen worker 2] jepsen.util: 2	:invoke	:echo	"Please echo 4"
2023-04-09 11:56:15,607{GMT}	INFO	[jepsen worker 2] jepsen.util: 2	:ok	:echo	{:type "echo_ok", :in_reply_to 10, :msg_id 10, :echo "Please echo 4"}
2023-04-09 11:56:15,770{GMT}	INFO	[jepsen worker 4] jepsen.util: 4	:invoke	:echo	"Please echo 41"
2023-04-09 11:56:15,773{GMT}	INFO	[jepsen worker 4] jepsen.util: 4	:ok	:echo	{:type "echo_ok", :in_reply_to 3, :msg_id 3, :echo "Please echo 41"}
2023-04-09 11:56:16,021{GMT}	INFO	[jepsen worker 4] jepsen.util: 4	:invoke	:echo	"Please echo 119"
2023-04-09 11:56:16,024{GMT}	INFO	[jepsen worker 4] jepsen.util: 4	:ok	:echo	{:type "echo_ok", :in_reply_to 4, :msg_id 4, :echo "Please echo 119"}
2023-04-09 11:56:16,264{GMT}	INFO	[jepsen worker 3] jepsen.util: 3	:invoke	:echo	"Please echo 36"
2023-04-09 11:56:16,266{GMT}	INFO	[jepsen worker 3] jepsen.util: 3	:ok	:echo	{:type "echo_ok", :in_reply_to 8, :msg_id 8, :echo "Please echo 36"}
2023-04-09 11:56:16,617{GMT}	INFO	[jepsen worker 4] jepsen.util: 4	:invoke	:echo	"Please echo 92"
2023-04-09 11:56:16,620{GMT}	INFO	[jepsen worker 4] jepsen.util: 4	:ok	:echo	{:type "echo_ok", :in_reply_to 5, :msg_id 5, :echo "Please echo 92"}
2023-04-09 11:56:16,966{GMT}	INFO	[jepsen worker 3] jepsen.util: 3	:invoke	:echo	"Please echo 89"
2023-04-09 11:56:16,969{GMT}	INFO	[jepsen worker 3] jepsen.util: 3	:ok	:echo	{:type "echo_ok", :in_reply_to 9, :msg_id 9, :echo "Please echo 89"}
2023-04-09 11:56:17,361{GMT}	INFO	[jepsen worker 3] jepsen.util: 3	:invoke	:echo	"Please echo 9"
2023-04-09 11:56:17,364{GMT}	INFO	[jepsen worker 3] jepsen.util: 3	:ok	:echo	{:type "echo_ok", :in_reply_to 10, :msg_id 10, :echo "Please echo 9"}
2023-04-09 11:56:17,478{GMT}	INFO	[jepsen worker 1] jepsen.util: 1	:invoke	:echo	"Please echo 66"
2023-04-09 11:56:17,481{GMT}	INFO	[jepsen worker 1] jepsen.util: 1	:ok	:echo	{:type "echo_ok", :in_reply_to 6, :msg_id 6, :echo "Please echo 66"}
2023-04-09 11:56:17,872{GMT}	INFO	[jepsen worker 0] jepsen.util: 0	:invoke	:echo	"Please echo 88"
2023-04-09 11:56:17,874{GMT}	INFO	[jepsen worker 0] jepsen.util: 0	:ok	:echo	{:type "echo_ok", :in_reply_to 4, :msg_id 4, :echo "Please echo 88"}
2023-04-09 11:56:17,970{GMT}	INFO	[jepsen worker 3] jepsen.util: 3	:invoke	:echo	"Please echo 40"
2023-04-09 11:56:17,973{GMT}	INFO	[jepsen worker 3] jepsen.util: 3	:ok	:echo	{:type "echo_ok", :in_reply_to 11, :msg_id 11, :echo "Please echo 40"}
2023-04-09 11:56:18,041{GMT}	INFO	[jepsen worker 4] jepsen.util: 4	:invoke	:echo	"Please echo 6"
2023-04-09 11:56:18,043{GMT}	INFO	[jepsen worker 4] jepsen.util: 4	:ok	:echo	{:type "echo_ok", :in_reply_to 6, :msg_id 6, :echo "Please echo 6"}
2023-04-09 11:56:18,419{GMT}	INFO	[jepsen worker 4] jepsen.util: 4	:invoke	:echo	"Please echo 7"
2023-04-09 11:56:18,421{GMT}	INFO	[jepsen worker 4] jepsen.util: 4	:ok	:echo	{:type "echo_ok", :in_reply_to 7, :msg_id 7, :echo "Please echo 7"}
2023-04-09 11:56:18,759{GMT}	INFO	[jepsen worker 1] jepsen.util: 1	:invoke	:echo	"Please echo 126"
2023-04-09 11:56:18,762{GMT}	INFO	[jepsen worker 1] jepsen.util: 1	:ok	:echo	{:type "echo_ok", :in_reply_to 7, :msg_id 7, :echo "Please echo 126"}
2023-04-09 11:56:18,798{GMT}	INFO	[jepsen worker 4] jepsen.util: 4	:invoke	:echo	"Please echo 51"
2023-04-09 11:56:18,801{GMT}	INFO	[jepsen worker 4] jepsen.util: 4	:ok	:echo	{:type "echo_ok", :in_reply_to 8, :msg_id 8, :echo "Please echo 51"}
2023-04-09 11:56:18,890{GMT}	INFO	[jepsen worker 3] jepsen.util: 3	:invoke	:echo	"Please echo 97"
2023-04-09 11:56:18,893{GMT}	INFO	[jepsen worker 3] jepsen.util: 3	:ok	:echo	{:type "echo_ok", :in_reply_to 12, :msg_id 12, :echo "Please echo 97"}
2023-04-09 11:56:19,258{GMT}	INFO	[jepsen worker 2] jepsen.util: 2	:invoke	:echo	"Please echo 92"
2023-04-09 11:56:19,261{GMT}	INFO	[jepsen worker 2] jepsen.util: 2	:ok	:echo	{:type "echo_ok", :in_reply_to 11, :msg_id 11, :echo "Please echo 92"}
2023-04-09 11:56:19,298{GMT}	INFO	[jepsen worker 2] jepsen.util: 2	:invoke	:echo	"Please echo 105"
2023-04-09 11:56:19,301{GMT}	INFO	[jepsen worker 2] jepsen.util: 2	:ok	:echo	{:type "echo_ok", :in_reply_to 12, :msg_id 12, :echo "Please echo 105"}
2023-04-09 11:56:19,684{GMT}	INFO	[jepsen worker 1] jepsen.util: 1	:invoke	:echo	"Please echo 69"
2023-04-09 11:56:19,687{GMT}	INFO	[jepsen worker 1] jepsen.util: 1	:ok	:echo	{:type "echo_ok", :in_reply_to 8, :msg_id 8, :echo "Please echo 69"}
2023-04-09 11:56:20,060{GMT}	INFO	[jepsen worker 2] jepsen.util: 2	:invoke	:echo	"Please echo 12"
2023-04-09 11:56:20,063{GMT}	INFO	[jepsen worker 2] jepsen.util: 2	:ok	:echo	{:type "echo_ok", :in_reply_to 13, :msg_id 13, :echo "Please echo 12"}
2023-04-09 11:56:20,327{GMT}	INFO	[jepsen worker 4] jepsen.util: 4	:invoke	:echo	"Please echo 108"
2023-04-09 11:56:20,330{GMT}	INFO	[jepsen worker 4] jepsen.util: 4	:ok	:echo	{:type "echo_ok", :in_reply_to 9, :msg_id 9, :echo "Please echo 108"}
2023-04-09 11:56:20,346{GMT}	INFO	[jepsen worker 4] jepsen.util: 4	:invoke	:echo	"Please echo 51"
2023-04-09 11:56:20,349{GMT}	INFO	[jepsen worker 4] jepsen.util: 4	:ok	:echo	{:type "echo_ok", :in_reply_to 10, :msg_id 10, :echo "Please echo 51"}
2023-04-09 11:56:20,746{GMT}	INFO	[jepsen worker 3] jepsen.util: 3	:invoke	:echo	"Please echo 41"
2023-04-09 11:56:20,749{GMT}	INFO	[jepsen worker 3] jepsen.util: 3	:ok	:echo	{:type "echo_ok", :in_reply_to 13, :msg_id 13, :echo "Please echo 41"}
2023-04-09 11:56:21,004{GMT}	INFO	[jepsen worker 0] jepsen.util: 0	:invoke	:echo	"Please echo 52"
2023-04-09 11:56:21,006{GMT}	INFO	[jepsen worker 0] jepsen.util: 0	:ok	:echo	{:type "echo_ok", :in_reply_to 5, :msg_id 5, :echo "Please echo 52"}
2023-04-09 11:56:21,068{GMT}	INFO	[jepsen worker 2] jepsen.util: 2	:invoke	:echo	"Please echo 75"
2023-04-09 11:56:21,071{GMT}	INFO	[jepsen worker 2] jepsen.util: 2	:ok	:echo	{:type "echo_ok", :in_reply_to 14, :msg_id 14, :echo "Please echo 75"}
2023-04-09 11:56:21,095{GMT}	INFO	[jepsen test runner] jepsen.core: Run complete, writing
2023-04-09 11:56:21,161{GMT}	INFO	[jepsen node n1] maelstrom.db: Tearing down n1
2023-04-09 11:56:21,162{GMT}	INFO	[jepsen node n3] maelstrom.db: Tearing down n3
2023-04-09 11:56:21,162{GMT}	INFO	[jepsen node n2] maelstrom.db: Tearing down n2
2023-04-09 11:56:21,162{GMT}	INFO	[jepsen node n4] maelstrom.db: Tearing down n4
2023-04-09 11:56:21,162{GMT}	INFO	[jepsen node n5] maelstrom.db: Tearing down n5
2023-04-09 11:56:22,248{GMT}	INFO	[jepsen node n1] maelstrom.net: Shutting down Maelstrom network
2023-04-09 11:56:22,249{GMT}	INFO	[jepsen test runner] jepsen.core: Analyzing...
2023-04-09 11:56:22,433{GMT}	INFO	[jepsen test runner] jepsen.core: Analysis complete
2023-04-09 11:56:22,442{GMT}	INFO	[jepsen results] jepsen.store: Wrote /home/navin/PersonalGithub/flyio-distsys/challenge-1/store/echo/20230409T115609.795+0530/results.edn
2023-04-09 11:56:22,455{GMT}	INFO	[jepsen test runner] jepsen.core: {:perf {:latency-graph {:valid? true},
        :rate-graph {:valid? true},
        :valid? true},
 :timeline {:valid? true},
 :exceptions {:valid? true},
 :stats {:valid? true,
         :count 50,
         :ok-count 50,
         :fail-count 0,
         :info-count 0,
         :by-f {:echo {:valid? true,
                       :count 50,
                       :ok-count 50,
                       :fail-count 0,
                       :info-count 0}}},
 :availability {:valid? true, :ok-fraction 1.0},
 :net {:all {:send-count 110,
             :recv-count 110,
             :msg-count 110,
             :msgs-per-op 2.2},
       :clients {:send-count 110, :recv-count 110, :msg-count 110},
       :servers {:send-count 0,
                 :recv-count 0,
                 :msg-count 0,
                 :msgs-per-op 0.0},
       :valid? true},
 :workload {:valid? true, :errors ()},
 :valid? true}


Everything looks good! ヽ(‘ー`)ノ
